C:\Program Files (x86)\Microsoft Visual Studio\2019\Professional\MSBuild\Microsoft\VC\v160\Microsoft.CppBuild.targets(467,5): warning MSB8028: The intermediate directory (.\output\libsrtp-i386-win32-vc6-debug\) contains files shared from another project (libsrtp.vcxproj, libsrtp_.vcxproj).  This can lead to incorrect clean and rebuild behavior.
cl : command line warning D9035: option 'Gm' has been deprecated and will be removed in a future release
  rdbx.c
  rdb.c
  stat.c
  key.c
  crypto_kernel.c
  alloc.c
  null_auth.c
  hmac.c
  auth.c
  null_cipher.c
  cipher.c
D:\Branch\GitRepos\OpenSSL_Stub_AES_GCM_SRTP\srtp\crypto\cipher\cipher.c(157,51): warning C4090: 'function': different 'const' qualifiers
  aes.c
  srtp_err.c
  srtp.c
  ekt.c
  datatypes.c
  err.c
  sha1.c
D:\Branch\GitRepos\OpenSSL_Stub_AES_GCM_SRTP\srtp\crypto\hash\sha1.c(476,1): warning C4206: nonstandard extension used: translation unit is empty
  aes_icm_ossl.c
  aes_icm.c
D:\Branch\GitRepos\OpenSSL_Stub_AES_GCM_SRTP\srtp\crypto\cipher\aes_icm.c(532,1): warning C4206: nonstandard extension used: translation unit is empty
  Generating Code...
  Compiling...
  aes_gcm_ossl.c
  Generating Code...
C:\Program Files (x86)\Microsoft Visual Studio\2019\Professional\MSBuild\Microsoft\VC\v160\Microsoft.CppBuild.targets(1469,5): warning MSB8012: TargetPath(D:\Branch\GitRepos\OpenSSL_Stub_AES_GCM_SRTP\srtp\build\.\output\libsrtp-i386-win32-vc6-debug\libsrtp_video.lib) does not match the Library's OutputFile property value (D:\Branch\GitRepos\OpenSSL_Stub_AES_GCM_SRTP\lib\libsrtp-i386-win32-vc6-debug.lib). This may cause your project to build incorrectly. To correct this, please make sure that $(OutDir), $(TargetName) and $(TargetExt) property values match the value specified in %(Lib.OutputFile).
C:\Program Files (x86)\Microsoft Visual Studio\2019\Professional\MSBuild\Microsoft\VC\v160\Microsoft.CppBuild.targets(1471,5): warning MSB8012: TargetName(libsrtp_video) does not match the Library's OutputFile property value (libsrtp-i386-win32-vc6-debug). This may cause your project to build incorrectly. To correct this, please make sure that $(OutDir), $(TargetName) and $(TargetExt) property values match the value specified in %(Lib.OutputFile).
  libsrtp_video.vcxproj -> D:\Branch\GitRepos\OpenSSL_Stub_AES_GCM_SRTP\srtp\build\.\output\libsrtp-i386-win32-vc6-debug\libsrtp_video.lib
