C:\Program Files (x86)\Microsoft Visual Studio\2019\Professional\MSBuild\Microsoft\VC\v160\Microsoft.CppBuild.targets(467,5): warning MSB8028: The intermediate directory (Debug\) contains files shared from another project (OpenSSL_Stub.vcxproj).  This can lead to incorrect clean and rebuild behavior.
  OpenSSL_Stub_SRTP.cpp
D:\Branch\GitRepos\OpenSSL_Stub_AES_GCM_SRTP\OpenSSL_Stub\OpenSSL_Stub_SRTP.cpp(149,29): warning C4838: conversion from 'int' to 'char' requires a narrowing conversion
D:\Branch\GitRepos\OpenSSL_Stub_AES_GCM_SRTP\OpenSSL_Stub\OpenSSL_Stub_SRTP.cpp(149,29): warning C4309: 'initializing': truncation of constant value
D:\Branch\GitRepos\OpenSSL_Stub_AES_GCM_SRTP\OpenSSL_Stub\OpenSSL_Stub_SRTP.cpp(149,41): warning C4838: conversion from 'int' to 'char' requires a narrowing conversion
D:\Branch\GitRepos\OpenSSL_Stub_AES_GCM_SRTP\OpenSSL_Stub\OpenSSL_Stub_SRTP.cpp(149,41): warning C4309: 'initializing': truncation of constant value
D:\Branch\GitRepos\OpenSSL_Stub_AES_GCM_SRTP\OpenSSL_Stub\OpenSSL_Stub_SRTP.cpp(149,65): warning C4838: conversion from 'int' to 'char' requires a narrowing conversion
D:\Branch\GitRepos\OpenSSL_Stub_AES_GCM_SRTP\OpenSSL_Stub\OpenSSL_Stub_SRTP.cpp(149,65): warning C4309: 'initializing': truncation of constant value
D:\Branch\GitRepos\OpenSSL_Stub_AES_GCM_SRTP\OpenSSL_Stub\OpenSSL_Stub_SRTP.cpp(149,71): warning C4838: conversion from 'int' to 'char' requires a narrowing conversion
D:\Branch\GitRepos\OpenSSL_Stub_AES_GCM_SRTP\OpenSSL_Stub\OpenSSL_Stub_SRTP.cpp(149,71): warning C4309: 'initializing': truncation of constant value
D:\Branch\GitRepos\OpenSSL_Stub_AES_GCM_SRTP\OpenSSL_Stub\OpenSSL_Stub_SRTP.cpp(149,77): warning C4838: conversion from 'int' to 'char' requires a narrowing conversion
D:\Branch\GitRepos\OpenSSL_Stub_AES_GCM_SRTP\OpenSSL_Stub\OpenSSL_Stub_SRTP.cpp(149,77): warning C4309: 'initializing': truncation of constant value
D:\Branch\GitRepos\OpenSSL_Stub_AES_GCM_SRTP\OpenSSL_Stub\OpenSSL_Stub_SRTP.cpp(149,83): warning C4838: conversion from 'int' to 'char' requires a narrowing conversion
D:\Branch\GitRepos\OpenSSL_Stub_AES_GCM_SRTP\OpenSSL_Stub\OpenSSL_Stub_SRTP.cpp(149,83): warning C4309: 'initializing': truncation of constant value
D:\Branch\GitRepos\OpenSSL_Stub_AES_GCM_SRTP\OpenSSL_Stub\OpenSSL_Stub_SRTP.cpp(149,89): warning C4838: conversion from 'int' to 'char' requires a narrowing conversion
D:\Branch\GitRepos\OpenSSL_Stub_AES_GCM_SRTP\OpenSSL_Stub\OpenSSL_Stub_SRTP.cpp(149,89): warning C4309: 'initializing': truncation of constant value
D:\Branch\GitRepos\OpenSSL_Stub_AES_GCM_SRTP\OpenSSL_Stub\OpenSSL_Stub_SRTP.cpp(149,95): warning C4838: conversion from 'int' to 'char' requires a narrowing conversion
D:\Branch\GitRepos\OpenSSL_Stub_AES_GCM_SRTP\OpenSSL_Stub\OpenSSL_Stub_SRTP.cpp(149,95): warning C4309: 'initializing': truncation of constant value
D:\Branch\GitRepos\OpenSSL_Stub_AES_GCM_SRTP\OpenSSL_Stub\OpenSSL_Stub_SRTP.cpp(149,101): warning C4838: conversion from 'int' to 'char' requires a narrowing conversion
D:\Branch\GitRepos\OpenSSL_Stub_AES_GCM_SRTP\OpenSSL_Stub\OpenSSL_Stub_SRTP.cpp(149,101): warning C4309: 'initializing': truncation of constant value
D:\Branch\GitRepos\OpenSSL_Stub_AES_GCM_SRTP\OpenSSL_Stub\OpenSSL_Stub_SRTP.cpp(149,107): warning C4838: conversion from 'int' to 'char' requires a narrowing conversion
D:\Branch\GitRepos\OpenSSL_Stub_AES_GCM_SRTP\OpenSSL_Stub\OpenSSL_Stub_SRTP.cpp(149,107): warning C4309: 'initializing': truncation of constant value
D:\Branch\GitRepos\OpenSSL_Stub_AES_GCM_SRTP\OpenSSL_Stub\OpenSSL_Stub_SRTP.cpp(149,119): warning C4838: conversion from 'int' to 'char' requires a narrowing conversion
D:\Branch\GitRepos\OpenSSL_Stub_AES_GCM_SRTP\OpenSSL_Stub\OpenSSL_Stub_SRTP.cpp(149,119): warning C4309: 'initializing': truncation of constant value
D:\Branch\GitRepos\OpenSSL_Stub_AES_GCM_SRTP\OpenSSL_Stub\OpenSSL_Stub_SRTP.cpp(149,131): warning C4838: conversion from 'int' to 'char' requires a narrowing conversion
D:\Branch\GitRepos\OpenSSL_Stub_AES_GCM_SRTP\OpenSSL_Stub\OpenSSL_Stub_SRTP.cpp(149,131): warning C4309: 'initializing': truncation of constant value
D:\Branch\GitRepos\OpenSSL_Stub_AES_GCM_SRTP\OpenSSL_Stub\OpenSSL_Stub_SRTP.cpp(149,155): warning C4838: conversion from 'int' to 'char' requires a narrowing conversion
D:\Branch\GitRepos\OpenSSL_Stub_AES_GCM_SRTP\OpenSSL_Stub\OpenSSL_Stub_SRTP.cpp(149,155): warning C4309: 'initializing': truncation of constant value
D:\Branch\GitRepos\OpenSSL_Stub_AES_GCM_SRTP\OpenSSL_Stub\OpenSSL_Stub_SRTP.cpp(149,161): warning C4838: conversion from 'int' to 'char' requires a narrowing conversion
D:\Branch\GitRepos\OpenSSL_Stub_AES_GCM_SRTP\OpenSSL_Stub\OpenSSL_Stub_SRTP.cpp(149,161): warning C4309: 'initializing': truncation of constant value
D:\Branch\GitRepos\OpenSSL_Stub_AES_GCM_SRTP\OpenSSL_Stub\OpenSSL_Stub_SRTP.cpp(149,167): warning C4838: conversion from 'int' to 'char' requires a narrowing conversion
D:\Branch\GitRepos\OpenSSL_Stub_AES_GCM_SRTP\OpenSSL_Stub\OpenSSL_Stub_SRTP.cpp(149,167): warning C4309: 'initializing': truncation of constant value
D:\Branch\GitRepos\OpenSSL_Stub_AES_GCM_SRTP\OpenSSL_Stub\OpenSSL_Stub_SRTP.cpp(149,173): warning C4838: conversion from 'int' to 'char' requires a narrowing conversion
D:\Branch\GitRepos\OpenSSL_Stub_AES_GCM_SRTP\OpenSSL_Stub\OpenSSL_Stub_SRTP.cpp(149,173): warning C4309: 'initializing': truncation of constant value
D:\Branch\GitRepos\OpenSSL_Stub_AES_GCM_SRTP\OpenSSL_Stub\OpenSSL_Stub_SRTP.cpp(149,185): warning C4838: conversion from 'int' to 'char' requires a narrowing conversion
D:\Branch\GitRepos\OpenSSL_Stub_AES_GCM_SRTP\OpenSSL_Stub\OpenSSL_Stub_SRTP.cpp(149,185): warning C4309: 'initializing': truncation of constant value
D:\Branch\GitRepos\OpenSSL_Stub_AES_GCM_SRTP\OpenSSL_Stub\OpenSSL_Stub_SRTP.cpp(201,19): warning C4101: 'srtp_info': unreferenced local variable
D:\Branch\GitRepos\OpenSSL_Stub_AES_GCM_SRTP\OpenSSL_Stub\OpenSSL_Stub_SRTP.cpp(209): warning C4715: 'srtp_lib_init': not all control paths return a value
D:\Branch\GitRepos\OpenSSL_Stub_AES_GCM_SRTP\OpenSSL_Stub\OpenSSL_Stub_SRTP.cpp(312): warning C4715: 'srtp_start': not all control paths return a value
LINK : warning LNK4098: defaultlib 'LIBCMTD' conflicts with use of other libs; use /NODEFAULTLIB:library
  OpenSSL_Stub.vcxproj -> D:\Branch\GitRepos\OpenSSL_Stub_AES_GCM_SRTP\Debug\OpenSSL_Stub_SRTP.exe
